# JRE version: Java(TM) SE Runtime Environment (8.0_65-b17) (build 1.8.0_65-b17)
# Java VM: Java HotSpot(TM) 64-Bit Server VM (25.65-b01 mixed mode windows-amd64 compressed oops)
Heap:
 PSYoungGen      total 66560K, used 9747K [0x00000000d8400000, 0x00000000dca00000, 0x0000000100000000)
  eden space 61440K, 7% used [0x00000000d8400000,0x00000000d8885ab8,0x00000000dc000000)
  from space 5120K, 99% used [0x00000000dc000000,0x00000000dc4ff320,0x00000000dc500000)
  to   space 5120K, 0% used [0x00000000dc500000,0x00000000dc500000,0x00000000dca00000)
 ParOldGen       total 52736K, used 8625K [0x0000000088c00000, 0x000000008bf80000, 0x00000000d8400000)
  object space 52736K, 16% used [0x0000000088c00000,0x000000008946c700,0x000000008bf80000)
 Metaspace       used 28673K, capacity 29622K, committed 29824K, reserved 1075200K
  class space    used 3687K, capacity 3907K, committed 3968K, reserved 1048576K
GC Heap History (10 events):
Event: 1.871 GC heap before
{Heap before GC invocations=4 (full 0):
 PSYoungGen      total 35840K, used 35838K [0x00000000d8400000, 0x00000000dca00000, 0x0000000100000000)
  eden space 30720K, 100% used [0x00000000d8400000,0x00000000da200000,0x00000000da200000)
  from space 5120K, 99% used [0x00000000da200000,0x00000000da6ffaf0,0x00000000da700000)
  to   space 5120K, 0% used [0x00000000dc500000,0x00000000dc500000,0x00000000dca00000)
 ParOldGen       total 81920K, used 2225K [0x0000000088c00000, 0x000000008dc00000, 0x00000000d8400000)
  object space 81920K, 2% used [0x0000000088c00000,0x0000000088e2c4e8,0x000000008dc00000)
 Metaspace       used 19819K, capacity 20342K, committed 20608K, reserved 1067008K
  class space    used 2519K, capacity 2667K, committed 2688K, reserved 1048576K
Event: 1.878 GC heap after
Heap after GC invocations=4 (full 0):
 PSYoungGen      total 66560K, used 5099K [0x00000000d8400000, 0x00000000dca00000, 0x0000000100000000)
  eden space 61440K, 0% used [0x00000000d8400000,0x00000000d8400000,0x00000000dc000000)
  from space 5120K, 99% used [0x00000000dc500000,0x00000000dc9fad28,0x00000000dca00000)
  to   space 5120K, 0% used [0x00000000dc000000,0x00000000dc000000,0x00000000dc500000)
 ParOldGen       total 81920K, used 4639K [0x0000000088c00000, 0x000000008dc00000, 0x00000000d8400000)
  object space 81920K, 5% used [0x0000000088c00000,0x0000000089087c88,0x000000008dc00000)
 Metaspace       used 19819K, capacity 20342K, committed 20608K, reserved 1067008K
  class space    used 2519K, capacity 2667K, committed 2688K, reserved 1048576K
}
Event: 2.035 GC heap before
{Heap before GC invocations=5 (full 0):
 PSYoungGen      total 66560K, used 13844K [0x00000000d8400000, 0x00000000dca00000, 0x0000000100000000)
  eden space 61440K, 14% used [0x00000000d8400000,0x00000000d8c8a400,0x00000000dc000000)
  from space 5120K, 99% used [0x00000000dc500000,0x00000000dc9fad28,0x00000000dca00000)
  to   space 5120K, 0% used [0x00000000dc000000,0x00000000dc000000,0x00000000dc500000)
 ParOldGen       total 81920K, used 4639K [0x0000000088c00000, 0x000000008dc00000, 0x00000000d8400000)
  object space 81920K, 5% used [0x0000000088c00000,0x0000000089087c88,0x000000008dc00000)
 Metaspace       used 20587K, capacity 21158K, committed 21248K, reserved 1067008K
  class space    used 2604K, capacity 2789K, committed 2816K, reserved 1048576K
Event: 2.045 GC heap after
Heap after GC invocations=5 (full 0):
 PSYoungGen      total 66560K, used 5105K [0x00000000d8400000, 0x00000000dca00000, 0x0000000100000000)
  eden space 61440K, 0% used [0x00000000d8400000,0x00000000d8400000,0x00000000dc000000)
  from space 5120K, 99% used [0x00000000dc000000,0x00000000dc4fc518,0x00000000dc500000)
  to   space 5120K, 0% used [0x00000000dc500000,0x00000000dc500000,0x00000000dca00000)
 ParOldGen       total 81920K, used 5096K [0x0000000088c00000, 0x000000008dc00000, 0x00000000d8400000)
  object space 81920K, 6% used [0x0000000088c00000,0x00000000890fa1c0,0x000000008dc00000)
 Metaspace       used 20587K, capacity 21158K, committed 21248K, reserved 1067008K
  class space    used 2604K, capacity 2789K, committed 2816K, reserved 1048576K
}
Event: 2.045 GC heap before
{Heap before GC invocations=6 (full 1):
 PSYoungGen      total 66560K, used 5105K [0x00000000d8400000, 0x00000000dca00000, 0x0000000100000000)
  eden space 61440K, 0% used [0x00000000d8400000,0x00000000d8400000,0x00000000dc000000)
  from space 5120K, 99% used [0x00000000dc000000,0x00000000dc4fc518,0x00000000dc500000)
  to   space 5120K, 0% used [0x00000000dc500000,0x00000000dc500000,0x00000000dca00000)
 ParOldGen       total 81920K, used 5096K [0x0000000088c00000, 0x000000008dc00000, 0x00000000d8400000)
  object space 81920K, 6% used [0x0000000088c00000,0x00000000890fa1c0,0x000000008dc00000)
 Metaspace       used 20587K, capacity 21158K, committed 21248K, reserved 1067008K
  class space    used 2604K, capacity 2789K, committed 2816K, reserved 1048576K
Event: 2.084 GC heap after
Heap after GC invocations=6 (full 1):
 PSYoungGen      total 66560K, used 0K [0x00000000d8400000, 0x00000000dca00000, 0x0000000100000000)
  eden space 61440K, 0% used [0x00000000d8400000,0x00000000d8400000,0x00000000dc000000)
  from space 5120K, 0% used [0x00000000dc000000,0x00000000dc000000,0x00000000dc500000)
  to   space 5120K, 0% used [0x00000000dc500000,0x00000000dc500000,0x00000000dca00000)
 ParOldGen       total 52736K, used 5525K [0x0000000088c00000, 0x000000008bf80000, 0x00000000d8400000)
  object space 52736K, 10% used [0x0000000088c00000,0x0000000089165778,0x000000008bf80000)
 Metaspace       used 20585K, capacity 21152K, committed 21248K, reserved 1067008K
  class space    used 2603K, capacity 2788K, committed 2816K, reserved 1048576K
}
Event: 3.276 GC heap before
{Heap before GC invocations=7 (full 1):
 PSYoungGen      total 66560K, used 61440K [0x00000000d8400000, 0x00000000dca00000, 0x0000000100000000)
  eden space 61440K, 100% used [0x00000000d8400000,0x00000000dc000000,0x00000000dc000000)
  from space 5120K, 0% used [0x00000000dc000000,0x00000000dc000000,0x00000000dc500000)
  to   space 5120K, 0% used [0x00000000dc500000,0x00000000dc500000,0x00000000dca00000)
 ParOldGen       total 52736K, used 5525K [0x0000000088c00000, 0x000000008bf80000, 0x00000000d8400000)
  object space 52736K, 10% used [0x0000000088c00000,0x0000000089165778,0x000000008bf80000)
 Metaspace       used 25612K, capacity 26418K, committed 26624K, reserved 1073152K
  class space    used 3302K, capacity 3495K, committed 3584K, reserved 1048576K
Event: 3.283 GC heap after
Heap after GC invocations=7 (full 1):
 PSYoungGen      total 66560K, used 5098K [0x00000000d8400000, 0x00000000dca00000, 0x0000000100000000)
  eden space 61440K, 0% used [0x00000000d8400000,0x00000000d8400000,0x00000000dc000000)
  from space 5120K, 99% used [0x00000000dc500000,0x00000000dc9fa990,0x00000000dca00000)
  to   space 5120K, 0% used [0x00000000dc000000,0x00000000dc000000,0x00000000dc500000)
 ParOldGen       total 52736K, used 6103K [0x0000000088c00000, 0x000000008bf80000, 0x00000000d8400000)
  object space 52736K, 11% used [0x0000000088c00000,0x00000000891f5fe0,0x000000008bf80000)
 Metaspace       used 25612K, capacity 26418K, committed 26624K, reserved 1073152K
  class space    used 3302K, capacity 3495K, committed 3584K, reserved 1048576K
}
Event: 4.367 GC heap before
{Heap before GC invocations=8 (full 1):
 PSYoungGen      total 66560K, used 66538K [0x00000000d8400000, 0x00000000dca00000, 0x0000000100000000)
  eden space 61440K, 100% used [0x00000000d8400000,0x00000000dc000000,0x00000000dc000000)
  from space 5120K, 99% used [0x00000000dc500000,0x00000000dc9fa990,0x00000000dca00000)
  to   space 5120K, 0% used [0x00000000dc000000,0x00000000dc000000,0x00000000dc500000)
 ParOldGen       total 52736K, used 6103K [0x0000000088c00000, 0x000000008bf80000, 0x00000000d8400000)
  object space 52736K, 11% used [0x0000000088c00000,0x00000000891f5fe0,0x000000008bf80000)
 Metaspace       used 28292K, capacity 29238K, committed 29568K, reserved 1075200K
  class space    used 3633K, capacity 3843K, committed 3968K, reserved 1048576K
Event: 4.379 GC heap after
Heap after GC invocations=8 (full 1):
 PSYoungGen      total 66560K, used 5116K [0x00000000d8400000, 0x00000000dca00000, 0x0000000100000000)
  eden space 61440K, 0% used [0x00000000d8400000,0x00000000d8400000,0x00000000dc000000)
  from space 5120K, 99% used [0x00000000dc000000,0x00000000dc4ff320,0x00000000dc500000)
  to   space 5120K, 0% used [0x00000000dc500000,0x00000000dc500000,0x00000000dca00000)
 ParOldGen       total 52736K, used 8625K [0x0000000088c00000, 0x000000008bf80000, 0x00000000d8400000)
  object space 52736K, 16% used [0x0000000088c00000,0x000000008946c700,0x000000008bf80000)
 Metaspace       used 28292K, capacity 29238K, committed 29568K, reserved 1075200K
  class space    used 3633K, capacity 3843K, committed 3968K, reserved 1048576K
}

